<?xml version="1.0" encoding="UTF-8"?>
<testng-results ignored="0" total="2" passed="2" failed="0" skipped="0">
  <reporter-output>
  </reporter-output>
  <suite started-at="2024-02-20T18:47:52 IST" name="Default suite" finished-at="2024-02-20T18:48:46 IST" duration-ms="53237">
    <groups>
    </groups>
    <test started-at="2024-02-20T18:47:52 IST" name="Default test" finished-at="2024-02-20T18:48:46 IST" duration-ms="53237">
      <class name="Test_Scenarios.palette">
        <test-method is-config="true" signature="setUP()[pri:0, instance:Test_Scenarios.palette@738dc9b]" started-at="2024-02-20T18:47:52 IST" name="setUP" finished-at="2024-02-20T18:47:58 IST" duration-ms="5508" status="PASS">
          <reporter-output>
          </reporter-output>
        </test-method> <!-- setUP -->
        <test-method signature="test_login()[pri:1, instance:Test_Scenarios.palette@738dc9b]" started-at="2024-02-20T18:47:58 IST" name="test_login" finished-at="2024-02-20T18:48:17 IST" duration-ms="19508" status="PASS">
          <reporter-output>
          </reporter-output>
        </test-method> <!-- test_login -->
        <test-method is-config="true" signature="tearDown()[pri:0, instance:Test_Scenarios.palette@738dc9b]" started-at="2024-02-20T18:48:17 IST" name="tearDown" finished-at="2024-02-20T18:48:18 IST" duration-ms="443" status="PASS">
          <reporter-output>
          </reporter-output>
        </test-method> <!-- tearDown -->
        <test-method is-config="true" signature="setUP()[pri:0, instance:Test_Scenarios.palette@738dc9b]" started-at="2024-02-20T18:48:18 IST" name="setUP" finished-at="2024-02-20T18:48:42 IST" duration-ms="24073" status="PASS">
          <reporter-output>
          </reporter-output>
        </test-method> <!-- setUP -->
        <test-method signature="test_createOrg()[pri:2, instance:Test_Scenarios.palette@738dc9b]" started-at="2024-02-20T18:48:42 IST" name="test_createOrg" finished-at="2024-02-20T18:48:45 IST" duration-ms="3443" status="PASS">
          <reporter-output>
          </reporter-output>
        </test-method> <!-- test_createOrg -->
        <test-method is-config="true" signature="tearDown()[pri:0, instance:Test_Scenarios.palette@738dc9b]" started-at="2024-02-20T18:48:45 IST" name="tearDown" finished-at="2024-02-20T18:48:46 IST" duration-ms="215" status="PASS">
          <reporter-output>
          </reporter-output>
        </test-method> <!-- tearDown -->
      </class> <!-- Test_Scenarios.palette -->
    </test> <!-- Default test -->
  </suite> <!-- Default suite -->
</testng-results>
