<?xml version="1.0" encoding="UTF-8"?>
<testng-results ignored="0" total="2" passed="2" failed="0" skipped="0">
  <reporter-output>
  </reporter-output>
  <suite started-at="2024-02-20T16:34:20 IST" name="Default suite" finished-at="2024-02-20T16:34:49 IST" duration-ms="29235">
    <groups>
    </groups>
    <test started-at="2024-02-20T16:34:20 IST" name="Default test" finished-at="2024-02-20T16:34:49 IST" duration-ms="29235">
      <class name="Test_Scenarios.palette">
        <test-method is-config="true" signature="setUP()[pri:0, instance:Test_Scenarios.palette@738dc9b]" started-at="2024-02-20T16:34:20 IST" name="setUP" finished-at="2024-02-20T16:34:23 IST" duration-ms="3364" status="PASS">
          <reporter-output>
          </reporter-output>
        </test-method> <!-- setUP -->
        <test-method signature="test_login()[pri:1, instance:Test_Scenarios.palette@738dc9b]" started-at="2024-02-20T16:34:23 IST" name="test_login" finished-at="2024-02-20T16:34:42 IST" duration-ms="19510" status="PASS">
          <reporter-output>
          </reporter-output>
        </test-method> <!-- test_login -->
        <test-method is-config="true" signature="tearDown()[pri:0, instance:Test_Scenarios.palette@738dc9b]" started-at="2024-02-20T16:34:42 IST" name="tearDown" finished-at="2024-02-20T16:34:43 IST" duration-ms="235" status="PASS">
          <reporter-output>
          </reporter-output>
        </test-method> <!-- tearDown -->
        <test-method is-config="true" signature="setUP()[pri:0, instance:Test_Scenarios.palette@738dc9b]" started-at="2024-02-20T16:34:43 IST" name="setUP" finished-at="2024-02-20T16:34:45 IST" duration-ms="2692" status="PASS">
          <reporter-output>
          </reporter-output>
        </test-method> <!-- setUP -->
        <test-method signature="test_createOrg()[pri:2, instance:Test_Scenarios.palette@738dc9b]" started-at="2024-02-20T16:34:45 IST" name="test_createOrg" finished-at="2024-02-20T16:34:49 IST" duration-ms="3253" status="PASS">
          <reporter-output>
          </reporter-output>
        </test-method> <!-- test_createOrg -->
        <test-method is-config="true" signature="tearDown()[pri:0, instance:Test_Scenarios.palette@738dc9b]" started-at="2024-02-20T16:34:49 IST" name="tearDown" finished-at="2024-02-20T16:34:49 IST" duration-ms="134" status="PASS">
          <reporter-output>
          </reporter-output>
        </test-method> <!-- tearDown -->
      </class> <!-- Test_Scenarios.palette -->
    </test> <!-- Default test -->
  </suite> <!-- Default suite -->
</testng-results>
